Determining if the pthread_create exist failed with the following output:
Change Dir: /home/pegasus/Dokumente/work/codes/develop_bi/MondrianDB/vpipes-test/cmake-build-debug/CMakeFiles/CMakeTmp

Run Build Command:"/usr/bin/make" "cmTC_1e6ca/fast"
/usr/bin/make -f CMakeFiles/cmTC_1e6ca.dir/build.make CMakeFiles/cmTC_1e6ca.dir/build
make[1]: Entering directory '/home/pegasus/Dokumente/work/codes/develop_bi/MondrianDB/vpipes-test/cmake-build-debug/CMakeFiles/CMakeTmp'
Building C object CMakeFiles/cmTC_1e6ca.dir/CheckSymbolExists.c.o
/usr/bin/cc     -o CMakeFiles/cmTC_1e6ca.dir/CheckSymbolExists.c.o   -c /home/pegasus/Dokumente/work/codes/develop_bi/MondrianDB/vpipes-test/cmake-build-debug/CMakeFiles/CMakeTmp/CheckSymbolExists.c
Linking C executable cmTC_1e6ca
/home/pegasus/Dokumente/work/clion-2016.3.2/bin/cmake/bin/cmake -E cmake_link_script CMakeFiles/cmTC_1e6ca.dir/link.txt --verbose=1
/usr/bin/cc       CMakeFiles/cmTC_1e6ca.dir/CheckSymbolExists.c.o  -o cmTC_1e6ca 
CMakeFiles/cmTC_1e6ca.dir/CheckSymbolExists.c.o: In function `main':
CheckSymbolExists.c:(.text+0x16): undefined reference to `pthread_create'
collect2: error: ld returned 1 exit status
CMakeFiles/cmTC_1e6ca.dir/build.make:97: recipe for target 'cmTC_1e6ca' failed
make[1]: *** [cmTC_1e6ca] Error 1
make[1]: Leaving directory '/home/pegasus/Dokumente/work/codes/develop_bi/MondrianDB/vpipes-test/cmake-build-debug/CMakeFiles/CMakeTmp'
Makefile:126: recipe for target 'cmTC_1e6ca/fast' failed
make: *** [cmTC_1e6ca/fast] Error 2

File /home/pegasus/Dokumente/work/codes/develop_bi/MondrianDB/vpipes-test/cmake-build-debug/CMakeFiles/CMakeTmp/CheckSymbolExists.c:
/* */
#include <pthread.h>

int main(int argc, char** argv)
{
  (void)argv;
#ifndef pthread_create
  return ((int*)(&pthread_create))[argc];
#else
  (void)argc;
  return 0;
#endif
}

Determining if the function pthread_create exists in the pthreads failed with the following output:
Change Dir: /home/pegasus/Dokumente/work/codes/develop_bi/MondrianDB/vpipes-test/cmake-build-debug/CMakeFiles/CMakeTmp

Run Build Command:"/usr/bin/make" "cmTC_94bf4/fast"
/usr/bin/make -f CMakeFiles/cmTC_94bf4.dir/build.make CMakeFiles/cmTC_94bf4.dir/build
make[1]: Entering directory '/home/pegasus/Dokumente/work/codes/develop_bi/MondrianDB/vpipes-test/cmake-build-debug/CMakeFiles/CMakeTmp'
Building C object CMakeFiles/cmTC_94bf4.dir/CheckFunctionExists.c.o
/usr/bin/cc    -DCHECK_FUNCTION_EXISTS=pthread_create   -o CMakeFiles/cmTC_94bf4.dir/CheckFunctionExists.c.o   -c /home/pegasus/Dokumente/work/clion-2016.3.2/bin/cmake/share/cmake-3.7/Modules/CheckFunctionExists.c
Linking C executable cmTC_94bf4
/home/pegasus/Dokumente/work/clion-2016.3.2/bin/cmake/bin/cmake -E cmake_link_script CMakeFiles/cmTC_94bf4.dir/link.txt --verbose=1
/usr/bin/cc   -DCHECK_FUNCTION_EXISTS=pthread_create    CMakeFiles/cmTC_94bf4.dir/CheckFunctionExists.c.o  -o cmTC_94bf4 -lpthreads 
/usr/bin/ld: cannot find -lpthreads
collect2: error: ld returned 1 exit status
CMakeFiles/cmTC_94bf4.dir/build.make:97: recipe for target 'cmTC_94bf4' failed
make[1]: *** [cmTC_94bf4] Error 1
make[1]: Leaving directory '/home/pegasus/Dokumente/work/codes/develop_bi/MondrianDB/vpipes-test/cmake-build-debug/CMakeFiles/CMakeTmp'
Makefile:126: recipe for target 'cmTC_94bf4/fast' failed
make: *** [cmTC_94bf4/fast] Error 2


